<?xml version="1.0" encoding="UTF-8"?>
<!-- Generated by org.testng.reporters.JUnitReportReporter -->
<testsuite skipped="0" hostname="DESKTOP-BANMRF7" name="org.testngg.Implement2" tests="7" failures="0" timestamp="24 Apr 2022 05:58:17 GMT" time="0.011" errors="0">
  <testcase name="tc07" time="0.001" classname="org.testngg.Implement2"/>
  <testcase name="tc06" time="0.001" classname="org.testngg.Implement2"/>
  <testcase name="tc03" time="0.003" classname="org.testngg.Implement2"/>
  <testcase name="tc05" time="0.001" classname="org.testngg.Implement2"/>
  <testcase name="tc04" time="0.002" classname="org.testngg.Implement2"/>
  <testcase name="tc01" time="0.002" classname="org.testngg.Implement2"/>
  <testcase name="tc02" time="0.001" classname="org.testngg.Implement2"/>
</testsuite> <!-- org.testngg.Implement2 -->
