<?xml version="1.0" encoding="UTF-8"?>
<!-- Generated by org.testng.reporters.JUnitReportReporter -->
<testsuite skipped="0" hostname="DESKTOP-BANMRF7" name="org.rerun.Sample" tests="3" failures="0" timestamp="11 Jul 2022 11:17:29 GMT" time="13.078" errors="0">
  <testcase name="page1" time="3.581" classname="org.rerun.Sample"/>
  <testcase name="page1" time="4.463" classname="org.rerun.Sample"/>
  <testcase name="page1" time="5.034" classname="org.rerun.Sample"/>
</testsuite> <!-- org.rerun.Sample -->
