<?xml version="1.0" encoding="UTF-8"?>
<!-- Generated by org.testng.reporters.JUnitReportReporter -->
<testsuite skipped="0" hostname="DESKTOP-BANMRF7" name="org.taskss.Implementation" tests="1" failures="0" timestamp="18 May 2022 13:38:44 GMT" time="22.320" errors="0">
  <testcase name="tc03" time="22.320" classname="org.taskss.Implementation"/>
</testsuite> <!-- org.taskss.Implementation -->
