<?xml version="1.0" encoding="UTF-8"?>
<!-- Generated by org.testng.reporters.JUnitReportReporter -->
<testsuite skipped="0" hostname="DESKTOP-BANMRF7" name="org.testngg.Demo3" tests="5" failures="0" timestamp="23 Apr 2022 17:33:36 GMT" time="0.049" errors="0">
  <testcase name="tc05" time="0.016" classname="org.testngg.Demo3"/>
  <testcase name="tc03" time="0.016" classname="org.testngg.Demo3"/>
  <testcase name="tc01" time="0.017" classname="org.testngg.Demo3"/>
  <testcase name="tc02" time="0.000" classname="org.testngg.Demo3"/>
  <testcase name="tc04" time="0.000" classname="org.testngg.Demo3"/>
</testsuite> <!-- org.testngg.Demo3 -->
