<?xml version="1.0" encoding="UTF-8"?>
<!-- Generated by org.testng.reporters.JUnitReportReporter -->
<testsuite skipped="0" hostname="DESKTOP-BANMRF7" name="com.tstng.PrlExecution1" tests="3" failures="0" timestamp="30 Apr 2022 17:37:40 GMT" time="19.539" errors="0">
  <testcase name="tc01" time="5.539" classname="com.tstng.PrlExecution1"/>
  <testcase name="tc02" time="5.067" classname="com.tstng.PrlExecution1"/>
  <testcase name="tc03" time="8.933" classname="com.tstng.PrlExecution1"/>
</testsuite> <!-- com.tstng.PrlExecution1 -->
