<?xml version="1.0" encoding="UTF-8"?>
<!-- Generated by org.testng.reporters.JUnitReportReporter -->
<testsuite skipped="0" hostname="DESKTOP-BANMRF7" name="org.apitesting.Jsonpathsss" tests="5" failures="0" timestamp="24 May 2022 11:05:36 GMT" time="33.453" errors="0">
  <testcase name="dataGetting" time="11.757" classname="org.apitesting.Jsonpathsss"/>
  <testcase name="addAddress" time="4.287" classname="org.apitesting.Jsonpathsss"/>
  <testcase name="updateAddress" time="9.453" classname="org.apitesting.Jsonpathsss"/>
  <testcase name="getAddress" time="4.368" classname="org.apitesting.Jsonpathsss"/>
  <testcase name="deleteAddress" time="3.588" classname="org.apitesting.Jsonpathsss"/>
</testsuite> <!-- org.apitesting.Jsonpathsss -->
