<?xml version="1.0" encoding="UTF-8"?>
<!-- Generated by org.testng.reporters.JUnitReportReporter -->
<testsuite skipped="0" hostname="DESKTOP-BANMRF7" name="org.testngg.FaceBook" tests="2" failures="0" timestamp="25 Apr 2022 05:44:17 GMT" time="0.352" errors="0">
  <testcase name="tc01" time="0.179" classname="org.testngg.FaceBook"/>
  <testcase name="tc02" time="0.173" classname="org.testngg.FaceBook"/>
</testsuite> <!-- org.testngg.FaceBook -->
