<?xml version="1.0" encoding="UTF-8"?>
<!-- Generated by org.testng.reporters.JUnitReportReporter -->
<testsuite skipped="0" hostname="DESKTOP-BANMRF7" name="org.testngg.TestngDemo" tests="2" failures="0" timestamp="22 Apr 2022 15:28:10 GMT" time="0.013" errors="0">
  <testcase name="test02" time="0.004" classname="org.testngg.TestngDemo"/>
  <testcase name="test01" time="0.009" classname="org.testngg.TestngDemo"/>
</testsuite> <!-- org.testngg.TestngDemo -->
