<?xml version="1.0" encoding="UTF-8"?>
<!-- Generated by org.testng.reporters.JUnitReportReporter -->
<testsuite skipped="0" hostname="DESKTOP-BANMRF7" name="com.tstng.PrlExecution" tests="3" failures="0" timestamp="30 Apr 2022 17:39:27 GMT" time="28.049" errors="0">
  <testcase name="tc02" time="12.590" classname="com.tstng.PrlExecution"/>
  <testcase name="tc03" time="7.080" classname="com.tstng.PrlExecution"/>
  <testcase name="tc01" time="8.379" classname="com.tstng.PrlExecution"/>
</testsuite> <!-- com.tstng.PrlExecution -->
