<?xml version="1.0" encoding="UTF-8"?>
<!-- Generated by org.testng.reporters.JUnitReportReporter -->
<testsuite skipped="0" hostname="DESKTOP-BANMRF7" name="org.rerun.Sample2" tests="3" failures="0" timestamp="11 Jul 2022 10:30:03 GMT" time="14.837" errors="0">
  <testcase name="page2" time="5.012" classname="org.rerun.Sample2"/>
  <testcase name="page3" time="5.744" classname="org.rerun.Sample2"/>
  <testcase name="page1" time="4.081" classname="org.rerun.Sample2"/>
</testsuite> <!-- org.rerun.Sample2 -->
