<?xml version="1.0" encoding="UTF-8"?>
<!-- Generated by org.testng.reporters.JUnitReportReporter -->
<testsuite skipped="0" hostname="DESKTOP-BANMRF7" name="org.testngg.Sample3" tests="5" failures="0" timestamp="22 Apr 2022 15:44:13 GMT" time="0.029" errors="0">
  <testcase name="tc02" time="0.011" classname="org.testngg.Sample3"/>
  <testcase name="tc04" time="0.008" classname="org.testngg.Sample3"/>
  <testcase name="tc05" time="0.003" classname="org.testngg.Sample3"/>
  <testcase name="tc03" time="0.003" classname="org.testngg.Sample3"/>
  <testcase name="tc01" time="0.004" classname="org.testngg.Sample3"/>
</testsuite> <!-- org.testngg.Sample3 -->
