<?xml version="1.0" encoding="UTF-8"?>
<!-- Generated by org.testng.reporters.JUnitReportReporter -->
<testsuite skipped="0" hostname="DESKTOP-BANMRF7" name="org.rerun.Sample3" tests="9" failures="0" timestamp="11 Jul 2022 10:22:46 GMT" time="195.247" errors="0">
  <testcase name="page3" time="24.869" classname="org.rerun.Sample3"/>
  <testcase name="page2" time="17.948" classname="org.rerun.Sample3"/>
  <testcase name="page1" time="21.928" classname="org.rerun.Sample3"/>
  <testcase name="page2" time="21.036" classname="org.rerun.Sample3"/>
  <testcase name="page3" time="23.846" classname="org.rerun.Sample3"/>
  <testcase name="page1" time="20.579" classname="org.rerun.Sample3"/>
  <testcase name="page2" time="17.477" classname="org.rerun.Sample3"/>
  <testcase name="page1" time="23.018" classname="org.rerun.Sample3"/>
  <testcase name="page3" time="24.546" classname="org.rerun.Sample3"/>
</testsuite> <!-- org.rerun.Sample3 -->
