<?xml version="1.0" encoding="UTF-8"?>
<!-- Generated by org.testng.reporters.JUnitReportReporter -->
<testsuite skipped="0" hostname="DESKTOP-BANMRF7" name="org.tasks2.Task2" tests="6" failures="0" timestamp="19 May 2022 10:14:27 GMT" time="26.687" errors="0">
  <testcase name="login" time="3.815" classname="org.tasks2.Task2"/>
  <testcase name="login" time="4.096" classname="org.tasks2.Task2"/>
  <testcase name="login" time="4.298" classname="org.tasks2.Task2"/>
  <testcase name="login" time="3.552" classname="org.tasks2.Task2"/>
  <testcase name="login" time="6.664" classname="org.tasks2.Task2"/>
  <testcase name="login" time="4.262" classname="org.tasks2.Task2"/>
</testsuite> <!-- org.tasks2.Task2 -->
