<?xml version="1.0" encoding="UTF-8"?>
<!-- Generated by org.testng.reporters.JUnitReportReporter -->
<testsuite skipped="0" hostname="DESKTOP-BANMRF7" name="com.tstng.Facebook" tests="3" failures="0" timestamp="25 Apr 2022 05:43:39 GMT" time="0.517" errors="0">
  <testcase name="tc01" time="0.162" classname="com.tstng.Facebook"/>
  <testcase name="tc02" time="0.151" classname="com.tstng.Facebook"/>
  <testcase name="tc03" time="0.204" classname="com.tstng.Facebook"/>
</testsuite> <!-- com.tstng.Facebook -->
