<?xml version="1.0" encoding="UTF-8"?>
<!-- Generated by org.testng.reporters.JUnitReportReporter -->
<testsuite skipped="0" hostname="DESKTOP-BANMRF7" name="org.apitesting.Task4" tests="1" failures="0" timestamp="13 May 2022 09:41:04 GMT" time="4.602" errors="0">
  <testcase name="implementation" time="4.602" classname="org.apitesting.Task4"/>
</testsuite> <!-- org.apitesting.Task4 -->
