<?xml version="1.0" encoding="UTF-8"?>
<!-- Generated by org.testng.reporters.JUnitReportReporter -->
<testsuite skipped="0" hostname="DESKTOP-BANMRF7" name="org.testngg.Demo2" tests="5" failures="0" timestamp="23 Apr 2022 17:33:36 GMT" time="0.009" errors="0">
  <testcase name="tc03" time="0.001" classname="org.testngg.Demo2"/>
  <testcase name="tc05" time="0.002" classname="org.testngg.Demo2"/>
  <testcase name="tc04" time="0.001" classname="org.testngg.Demo2"/>
  <testcase name="tc01" time="0.002" classname="org.testngg.Demo2"/>
  <testcase name="tc02" time="0.003" classname="org.testngg.Demo2"/>
</testsuite> <!-- org.testngg.Demo2 -->
