<?xml version="1.0" encoding="UTF-8"?>
<!-- Generated by org.testng.reporters.JUnitReportReporter -->
<testsuite skipped="0" hostname="DESKTOP-BANMRF7" name="org.testngg.Implement3" tests="7" failures="0" timestamp="11 Jul 2022 10:30:03 GMT" time="0.007" errors="0">
  <testcase name="tc07" time="0.000" classname="org.testngg.Implement3"/>
  <testcase name="tc06" time="0.001" classname="org.testngg.Implement3"/>
  <testcase name="tc05" time="0.001" classname="org.testngg.Implement3"/>
  <testcase name="tc03" time="0.002" classname="org.testngg.Implement3"/>
  <testcase name="tc04" time="0.001" classname="org.testngg.Implement3"/>
  <testcase name="tc02" time="0.001" classname="org.testngg.Implement3"/>
  <testcase name="tc01" time="0.001" classname="org.testngg.Implement3"/>
</testsuite> <!-- org.testngg.Implement3 -->
