<?xml version="1.0" encoding="UTF-8"?>
<!-- Generated by org.testng.reporters.JUnitReportReporter -->
<testsuite skipped="0" hostname="DESKTOP-BANMRF7" name="org.testnghotel.Adactin" tests="1" failures="0" timestamp="03 May 2022 06:14:49 GMT" time="1.422" errors="0">
  <testcase name="tc01" time="1.422" classname="org.testnghotel.Adactin"/>
</testsuite> <!-- org.testnghotel.Adactin -->
