<?xml version="1.0" encoding="UTF-8"?>
<!-- Generated by org.testng.reporters.JUnitReportReporter -->
<testsuite skipped="0" hostname="DESKTOP-BANMRF7" name="com.tstng.T" tests="2" failures="0" timestamp="24 Apr 2022 15:41:07 GMT" time="0.399" errors="0">
  <testcase name="tc01" time="0.217" classname="com.tstng.T"/>
  <testcase name="tc02" time="0.182" classname="com.tstng.T"/>
</testsuite> <!-- com.tstng.T -->
