<?xml version="1.0" encoding="UTF-8"?>
<!-- Generated by org.testng.reporters.JUnitReportReporter -->
<testsuite skipped="0" hostname="DESKTOP-BANMRF7" name="org.apitesting.Jsonpathsss" tests="5" failures="0" timestamp="13 May 2022 16:53:06 GMT" time="9.730" errors="0">
  <testcase name="dataGetting" time="6.554" classname="org.apitesting.Jsonpathsss"/>
  <testcase name="addAddress" time="0.814" classname="org.apitesting.Jsonpathsss"/>
  <testcase name="updateAddress" time="0.795" classname="org.apitesting.Jsonpathsss"/>
  <testcase name="getAddress" time="0.848" classname="org.apitesting.Jsonpathsss"/>
  <testcase name="deleteAddress" time="0.719" classname="org.apitesting.Jsonpathsss"/>
</testsuite> <!-- org.apitesting.Jsonpathsss -->
