<?xml version="1.0" encoding="UTF-8"?>
<!-- Generated by org.testng.reporters.JUnitReportReporter -->
<testsuite skipped="0" hostname="DESKTOP-BANMRF7" name="org.serialization.Sample" tests="5" failures="0" timestamp="22 May 2022 04:12:46 GMT" time="22.266" errors="0">
  <testcase name="login" time="14.736" classname="org.serialization.Sample"/>
  <testcase name="loginWrite" time="2.394" classname="org.serialization.Sample"/>
  <testcase name="putAddress" time="1.404" classname="org.serialization.Sample"/>
  <testcase name="getAddress" time="1.646" classname="org.serialization.Sample"/>
  <testcase name="deleteAddress" time="2.086" classname="org.serialization.Sample"/>
</testsuite> <!-- org.serialization.Sample -->
