<?xml version="1.0" encoding="UTF-8"?>
<!-- Generated by org.testng.reporters.JUnitReportReporter -->
<testsuite skipped="0" hostname="DESKTOP-BANMRF7" name="org.profilepicture.CreateProfilePicture" tests="2" failures="0" timestamp="15 May 2022 15:34:28 GMT" time="11.322" errors="0">
  <testcase name="login" time="8.198" classname="org.profilepicture.CreateProfilePicture"/>
  <testcase name="postProfilePic" time="3.124" classname="org.profilepicture.CreateProfilePicture"/>
</testsuite> <!-- org.profilepicture.CreateProfilePicture -->
