<?xml version="1.0" encoding="UTF-8"?>
<!-- Generated by org.testng.reporters.JUnitReportReporter -->
<testsuite skipped="1" hostname="DESKTOP-BANMRF7" name="org.testngg.InvocationCount" tests="8" failures="0" timestamp="25 Apr 2022 05:18:58 GMT" time="0.049" errors="0">
  <testcase name="tc02" time="0.016" classname="org.testngg.InvocationCount"/>
  <testcase name="tc04" time="0.011" classname="org.testngg.InvocationCount"/>
  <testcase name="tc01" time="0.008" classname="org.testngg.InvocationCount"/>
  <testcase name="tc01" time="0.002" classname="org.testngg.InvocationCount"/>
  <testcase name="tc01" time="0.008" classname="org.testngg.InvocationCount"/>
  <testcase name="tc01" time="0.003" classname="org.testngg.InvocationCount"/>
  <testcase name="tc01" time="0.001" classname="org.testngg.InvocationCount"/>
  <testcase name="tc03" classname="org.testngg.InvocationCount">
    <skipped/>
  </testcase> <!-- tc03 -->
</testsuite> <!-- org.testngg.InvocationCount -->
