<?xml version="1.0" encoding="UTF-8"?>
<!-- Generated by org.testng.reporters.JUnitReportReporter -->
<testsuite skipped="0" hostname="DESKTOP-BANMRF7" name="com.tstng.TST" tests="2" failures="0" timestamp="24 Apr 2022 06:19:22 GMT" time="0.028" errors="0">
  <testcase name="tc01" time="0.018" classname="com.tstng.TST"/>
  <testcase name="tco3" time="0.010" classname="com.tstng.TST"/>
</testsuite> <!-- com.tstng.TST -->
